<?xml version="1.0" encoding="UTF-8"?>
<!-- Generated by org.testng.reporters.JUnitReportReporter -->
<testsuite hostname="vrajesh-lap" name="com.seleniumautomation.selenium.maventest" tests="1" failures="0" timestamp="23 Oct 2015 13:08:48 GMT" time="0.014" errors="0">
  <testcase name="testmaven" time="0.014" classname="com.seleniumautomation.selenium.maventest"/>
</testsuite> <!-- com.seleniumautomation.selenium.maventest -->
